1501794772895	geckodriver	INFO	Listening on 127.0.0.1:60492
1501794773945	mozprofile::profile	INFO	Using profile path /var/folders/qp/l4g65_zj1jd95npf4w2dtgj40000gn/T/rust_mozprofile.16HG1BHaS8rE
1501794773952	geckodriver::marionette	INFO	Starting browser /Applications/Firefox.app/Contents/MacOS/firefox-bin with args []
1501794773957	geckodriver::marionette	INFO	Connecting to Marionette on localhost:60501
1501794774198	addons.manager	DEBUG	Application has been upgraded
1501794774225	addons.manager	DEBUG	Loaded provider scope for resource://gre/modules/addons/XPIProvider.jsm: ["XPIProvider"]
1501794774228	addons.manager	DEBUG	Loaded provider scope for resource://gre/modules/LightweightThemeManager.jsm: ["LightweightThemeManager"]
1501794774233	addons.manager	DEBUG	Loaded provider scope for resource://gre/modules/addons/GMPProvider.jsm
1501794774235	addons.manager	DEBUG	Loaded provider scope for resource://gre/modules/addons/PluginProvider.jsm
1501794774236	addons.manager	DEBUG	Starting provider: XPIProvider
1501794774237	addons.xpi	DEBUG	startup
1501794774237	addons.xpi	INFO	Removing all system add-on upgrades.
1501794774238	addons.xpi	INFO	SystemAddonInstallLocation directory is missing
1501794774239	addons.xpi	INFO	Mapping aushelper@mozilla.org to /Applications/Firefox.app/Contents/Resources/browser/features/aushelper@mozilla.org.xpi
1501794774240	addons.xpi	INFO	Mapping e10srollout@mozilla.org to /Applications/Firefox.app/Contents/Resources/browser/features/e10srollout@mozilla.org.xpi
1501794774240	addons.xpi	INFO	Mapping firefox@getpocket.com to /Applications/Firefox.app/Contents/Resources/browser/features/firefox@getpocket.com.xpi
1501794774240	addons.xpi	INFO	Mapping screenshots@mozilla.org to /Applications/Firefox.app/Contents/Resources/browser/features/screenshots@mozilla.org.xpi
1501794774241	addons.xpi	INFO	Mapping webcompat@mozilla.org to /Applications/Firefox.app/Contents/Resources/browser/features/webcompat@mozilla.org.xpi
1501794774241	addons.xpi	INFO	Mapping {972ce4c6-7e08-4474-a285-3208198ce6fd} to /Applications/Firefox.app/Contents/Resources/browser/extensions/{972ce4c6-7e08-4474-a285-3208198ce6fd}.xpi
1501794774242	addons.xpi	DEBUG	checkForChanges
1501794774242	addons.xpi	INFO	SystemAddonInstallLocation directory is missing
1501794774243	addons.xpi	DEBUG	Loaded add-on state from prefs: {}
1501794774244	addons.xpi	DEBUG	New add-on aushelper@mozilla.org in app-system-defaults
1501794774245	addons.xpi	DEBUG	getModTime: Recursive scan of aushelper@mozilla.org
1501794774246	addons.xpi	DEBUG	New add-on e10srollout@mozilla.org in app-system-defaults
1501794774246	addons.xpi	DEBUG	getModTime: Recursive scan of e10srollout@mozilla.org
1501794774247	addons.xpi	DEBUG	New add-on firefox@getpocket.com in app-system-defaults
1501794774248	addons.xpi	DEBUG	getModTime: Recursive scan of firefox@getpocket.com
1501794774248	addons.xpi	DEBUG	New add-on screenshots@mozilla.org in app-system-defaults
1501794774248	addons.xpi	DEBUG	getModTime: Recursive scan of screenshots@mozilla.org
1501794774248	addons.xpi	DEBUG	New add-on webcompat@mozilla.org in app-system-defaults
1501794774249	addons.xpi	DEBUG	getModTime: Recursive scan of webcompat@mozilla.org
1501794774249	addons.xpi	DEBUG	New add-on {972ce4c6-7e08-4474-a285-3208198ce6fd} in app-global
1501794774250	addons.xpi	DEBUG	getModTime: Recursive scan of {972ce4c6-7e08-4474-a285-3208198ce6fd}
1501794774250	addons.xpi	DEBUG	getInstallState changed: true, state: {"app-system-defaults":{"aushelper@mozilla.org":{"d":"/Applications/Firefox.app/Contents/Resources/browser/features/aushelper@mozilla.org.xpi","st":1498845232000},"e10srollout@mozilla.org":{"d":"/Applications/Firefox.app/Contents/Resources/browser/features/e10srollout@mozilla.org.xpi","st":1498845232000},"firefox@getpocket.com":{"d":"/Applications/Firefox.app/Contents/Resources/browser/features/firefox@getpocket.com.xpi","st":1498845232000},"screenshots@mozilla.org":{"d":"/Applications/Firefox.app/Contents/Resources/browser/features/screenshots@mozilla.org.xpi","st":1498845231000},"webcompat@mozilla.org":{"d":"/Applications/Firefox.app/Contents/Resources/browser/features/webcompat@mozilla.org.xpi","st":1498845232000}},"app-global":{"{972ce4c6-7e08-4474-a285-3208198ce6fd}":{"d":"/Applications/Firefox.app/Contents/Resources/browser/extensions/{972ce4c6-7e08-4474-a285-3208198ce6fd}.xpi","st":1498845232000}}}
1501794774260	addons.xpi-utils	DEBUG	Opening XPI database /var/folders/qp/l4g65_zj1jd95npf4w2dtgj40000gn/T/rust_mozprofile.16HG1BHaS8rE/extensions.json
1501794774261	addons.xpi-utils	DEBUG	New add-on aushelper@mozilla.org installed in app-system-defaults
*** Blocklist::_loadBlocklistFromFile: blocklist is disabled
1501794774273	DeferredSave.extensions.json	DEBUG	Save changes
1501794774273	addons.xpi-utils	DEBUG	New add-on e10srollout@mozilla.org installed in app-system-defaults
1501794774277	DeferredSave.extensions.json	DEBUG	Starting timer
1501794774280	DeferredSave.extensions.json	DEBUG	Save changes
1501794774280	addons.xpi-utils	DEBUG	New add-on firefox@getpocket.com installed in app-system-defaults
1501794774288	DeferredSave.extensions.json	DEBUG	Save changes
1501794774288	addons.xpi-utils	DEBUG	New add-on screenshots@mozilla.org installed in app-system-defaults
1501794774295	DeferredSave.extensions.json	DEBUG	Save changes
1501794774297	addons.xpi-utils	DEBUG	New add-on webcompat@mozilla.org installed in app-system-defaults
1501794774301	DeferredSave.extensions.json	DEBUG	Save changes
1501794774301	addons.xpi-utils	DEBUG	New add-on {972ce4c6-7e08-4474-a285-3208198ce6fd} installed in app-global
1501794774307	DeferredSave.extensions.json	DEBUG	Save changes
1501794774309	addons.manager	DEBUG	Registering startup change 'installed' for aushelper@mozilla.org
1501794774317	addons.xpi	DEBUG	Loading bootstrap scope from /Applications/Firefox.app/Contents/Resources/browser/features/aushelper@mozilla.org.xpi
1501794774322	addons.xpi	DEBUG	Calling bootstrap method install on aushelper@mozilla.org version 2.0
1501794774322	addons.xpi-utils	DEBUG	Make addon app-system-defaults:aushelper@mozilla.org visible
1501794774323	DeferredSave.extensions.json	DEBUG	Save changes
1501794774323	addons.manager	DEBUG	Registering startup change 'installed' for e10srollout@mozilla.org
1501794774324	addons.xpi	DEBUG	Loading bootstrap scope from /Applications/Firefox.app/Contents/Resources/browser/features/e10srollout@mozilla.org.xpi
1501794774327	addons.xpi	DEBUG	Calling bootstrap method install on e10srollout@mozilla.org version 1.50
1501794774328	addons.xpi-utils	DEBUG	Make addon app-system-defaults:e10srollout@mozilla.org visible
1501794774329	DeferredSave.extensions.json	DEBUG	Save changes
1501794774329	addons.manager	DEBUG	Registering startup change 'installed' for firefox@getpocket.com
1501794774330	addons.xpi	DEBUG	Loading bootstrap scope from /Applications/Firefox.app/Contents/Resources/browser/features/firefox@getpocket.com.xpi
1501794774333	addons.xpi	DEBUG	Calling bootstrap method install on firefox@getpocket.com version 1.0.5
1501794774333	addons.xpi-utils	DEBUG	Make addon app-system-defaults:firefox@getpocket.com visible
1501794774333	DeferredSave.extensions.json	DEBUG	Save changes
1501794774333	addons.manager	DEBUG	Registering startup change 'installed' for screenshots@mozilla.org
1501794774334	addons.xpi	DEBUG	Loading bootstrap scope from /Applications/Firefox.app/Contents/Resources/browser/features/screenshots@mozilla.org.xpi
1501794774335	addons.xpi	DEBUG	Calling bootstrap method install on screenshots@mozilla.org version 6.6.0
1501794774335	addons.xpi-utils	DEBUG	Make addon app-system-defaults:screenshots@mozilla.org visible
1501794774336	DeferredSave.extensions.json	DEBUG	Save changes
1501794774336	addons.manager	DEBUG	Registering startup change 'installed' for webcompat@mozilla.org
1501794774336	addons.xpi	DEBUG	Loading bootstrap scope from /Applications/Firefox.app/Contents/Resources/browser/features/webcompat@mozilla.org.xpi
1501794774340	addons.xpi	DEBUG	Calling bootstrap method install on webcompat@mozilla.org version 1.1
1501794774340	addons.xpi-utils	DEBUG	Make addon app-system-defaults:webcompat@mozilla.org visible
1501794774341	DeferredSave.extensions.json	DEBUG	Save changes
1501794774341	addons.xpi-utils	DEBUG	Make addon app-global:{972ce4c6-7e08-4474-a285-3208198ce6fd} visible
1501794774341	DeferredSave.extensions.json	DEBUG	Save changes
1501794774342	addons.xpi	DEBUG	Updating XPIState for {"id":"aushelper@mozilla.org","syncGUID":"{4f6e06c5-170b-0f49-b185-5647b0a156c7}","location":"app-system-defaults","version":"2.0","type":"extension","internalName":null,"updateURL":null,"updateKey":null,"optionsURL":null,"optionsType":null,"aboutURL":null,"icons":{},"iconURL":null,"icon64URL":null,"defaultLocale":{"name":"Application Update Service Helper","description":"Sets value(s) in the update url based on custom checks.","creator":null,"homepageURL":null},"visible":true,"active":true,"userDisabled":false,"appDisabled":false,"descriptor":"/Applications/Firefox.app/Contents/Resources/browser/features/aushelper@mozilla.org.xpi","installDate":1498845232000,"updateDate":1498845232000,"applyBackgroundUpdates":1,"bootstrap":true,"skinnable":false,"size":8488,"sourceURI":null,"releaseNotesURI":null,"softDisabled":false,"foreignInstall":false,"hasBinaryComponents":false,"strictCompatibility":false,"locales":[],"targetApplications":[{"id":"{ec8030f7-c20a-464f-9b0e-13a3a9e97384}","minVersion":"54.0.1","maxVersion":"54.*"}],"targetPlatforms":[],"multiprocessCompatible":true,"seen":true,"dependencies":[],"hasEmbeddedWebExtension":false,"mpcOptedOut":false,"userPermissions":null}
1501794774342	addons.xpi	DEBUG	getModTime: Recursive scan of aushelper@mozilla.org
1501794774343	addons.xpi	DEBUG	Updating XPIState for {"id":"e10srollout@mozilla.org","syncGUID":"{ac9cfe53-6da5-a04c-b427-9866cf94dbaa}","location":"app-system-defaults","version":"1.50","type":"extension","internalName":null,"updateURL":null,"updateKey":null,"optionsURL":null,"optionsType":null,"aboutURL":null,"icons":{},"iconURL":null,"icon64URL":null,"defaultLocale":{"name":"Multi-process staged rollout","description":"Staged rollout of Firefox multi-process feature.","creator":null,"homepageURL":null},"visible":true,"active":true,"userDisabled":false,"appDisabled":false,"descriptor":"/Applications/Firefox.app/Contents/Resources/browser/features/e10srollout@mozilla.org.xpi","installDate":1498845232000,"updateDate":1498845232000,"applyBackgroundUpdates":1,"bootstrap":true,"skinnable":false,"size":12519,"sourceURI":null,"releaseNotesURI":null,"softDisabled":false,"foreignInstall":false,"hasBinaryComponents":false,"strictCompatibility":false,"locales":[],"targetApplications":[{"id":"{ec8030f7-c20a-464f-9b0e-13a3a9e97384}","minVersion":"54.0.1","maxVersion":"54.*"}],"targetPlatforms":[],"multiprocessCompatible":true,"seen":true,"dependencies":[],"hasEmbeddedWebExtension":false,"mpcOptedOut":false,"userPermissions":null}
1501794774343	addons.xpi	DEBUG	getModTime: Recursive scan of e10srollout@mozilla.org
1501794774343	addons.xpi	DEBUG	Updating XPIState for {"id":"firefox@getpocket.com","syncGUID":"{60b830cd-722b-7d46-82af-f5fda62bcaaa}","location":"app-system-defaults","version":"1.0.5","type":"extension","internalName":null,"updateURL":null,"updateKey":null,"optionsURL":null,"optionsType":null,"aboutURL":null,"icons":{},"iconURL":null,"icon64URL":null,"defaultLocale":{"name":"Pocket","description":"When you find something you want to view later, put it in Pocket.","creator":null,"homepageURL":null},"visible":true,"active":true,"userDisabled":false,"appDisabled":false,"descriptor":"/Applications/Firefox.app/Contents/Resources/browser/features/firefox@getpocket.com.xpi","installDate":1498845232000,"updateDate":1498845232000,"applyBackgroundUpdates":1,"bootstrap":true,"skinnable":false,"size":913906,"sourceURI":null,"releaseNotesURI":null,"softDisabled":false,"foreignInstall":false,"hasBinaryComponents":false,"strictCompatibility":false,"locales":[],"targetApplications":[{"id":"{ec8030f7-c20a-464f-9b0e-13a3a9e97384}","minVersion":"54.0.1","maxVersion":"54.*"}],"targetPlatforms":[],"multiprocessCompatible":true,"seen":true,"dependencies":[],"hasEmbeddedWebExtension":false,"mpcOptedOut":false,"userPermissions":null}
1501794774343	addons.xpi	DEBUG	getModTime: Recursive scan of firefox@getpocket.com
1501794774344	addons.xpi	DEBUG	Updating XPIState for {"id":"screenshots@mozilla.org","syncGUID":"{1e7f9d06-a015-1b4e-b23b-156c83919c9f}","location":"app-system-defaults","version":"6.6.0","type":"extension","internalName":null,"updateURL":null,"updateKey":null,"optionsURL":null,"optionsType":null,"aboutURL":null,"icons":{},"iconURL":null,"icon64URL":null,"defaultLocale":{"name":"Firefox Screenshots","description":null,"creator":null,"homepageURL":"https://pageshot.net/"},"visible":true,"active":true,"userDisabled":false,"appDisabled":false,"descriptor":"/Applications/Firefox.app/Contents/Resources/browser/features/screenshots@mozilla.org.xpi","installDate":1498845231000,"updateDate":1498845231000,"applyBackgroundUpdates":1,"bootstrap":true,"skinnable":false,"size":716271,"sourceURI":null,"releaseNotesURI":null,"softDisabled":false,"foreignInstall":false,"hasBinaryComponents":false,"strictCompatibility":false,"locales":[],"targetApplications":[{"id":"{ec8030f7-c20a-464f-9b0e-13a3a9e97384}","minVersion":"51.0a1","maxVersion":"*"}],"targetPlatforms":[],"multiprocessCompatible":true,"seen":true,"dependencies":[],"hasEmbeddedWebExtension":false,"mpcOptedOut":false,"userPermissions":null}
1501794774344	addons.xpi	DEBUG	getModTime: Recursive scan of screenshots@mozilla.org
1501794774344	addons.xpi	DEBUG	Updating XPIState for {"id":"webcompat@mozilla.org","syncGUID":"{bab48189-f5ca-0543-8adf-b175329fbc73}","location":"app-system-defaults","version":"1.1","type":"extension","internalName":null,"updateURL":null,"updateKey":null,"optionsURL":null,"optionsType":null,"aboutURL":null,"icons":{},"iconURL":null,"icon64URL":null,"defaultLocale":{"name":"Web Compat","description":"Urgent post-release fixes for web compatibility.","creator":null,"homepageURL":null},"visible":true,"active":true,"userDisabled":false,"appDisabled":false,"descriptor":"/Applications/Firefox.app/Contents/Resources/browser/features/webcompat@mozilla.org.xpi","installDate":1498845232000,"updateDate":1498845232000,"applyBackgroundUpdates":1,"bootstrap":true,"skinnable":false,"size":9006,"sourceURI":null,"releaseNotesURI":null,"softDisabled":false,"foreignInstall":false,"hasBinaryComponents":false,"strictCompatibility":false,"locales":[],"targetApplications":[{"id":"{ec8030f7-c20a-464f-9b0e-13a3a9e97384}","minVersion":"54.0.1","maxVersion":"54.*"}],"targetPlatforms":[],"multiprocessCompatible":true,"seen":true,"dependencies":[],"hasEmbeddedWebExtension":false,"mpcOptedOut":false,"userPermissions":null}
1501794774345	addons.xpi	DEBUG	getModTime: Recursive scan of webcompat@mozilla.org
1501794774345	addons.xpi	DEBUG	Updating XPIState for {"id":"{972ce4c6-7e08-4474-a285-3208198ce6fd}","syncGUID":"{a152d19d-176f-214d-b3a4-82905ebec5f7}","location":"app-global","version":"54.0.1","type":"theme","internalName":"classic/1.0","updateURL":null,"updateKey":null,"optionsURL":null,"optionsType":null,"aboutURL":null,"icons":{},"iconURL":"chrome://browser/content/default-theme-icon.svg","icon64URL":null,"defaultLocale":{"name":"Default","description":"The default theme.","creator":"Mozilla","homepageURL":null,"contributors":["Mozilla Contributors"]},"visible":true,"active":true,"userDisabled":false,"appDisabled":false,"descriptor":"/Applications/Firefox.app/Contents/Resources/browser/extensions/{972ce4c6-7e08-4474-a285-3208198ce6fd}.xpi","installDate":1498845232000,"updateDate":1498845232000,"applyBackgroundUpdates":1,"skinnable":true,"size":3914,"sourceURI":null,"releaseNotesURI":null,"softDisabled":false,"foreignInstall":false,"hasBinaryComponents":false,"strictCompatibility":true,"locales":[],"targetApplications":[{"id":"{ec8030f7-c20a-464f-9b0e-13a3a9e97384}","minVersion":"54.0.1","maxVersion":"54.0.1"}],"targetPlatforms":[],"seen":true,"dependencies":[],"hasEmbeddedWebExtension":false,"userPermissions":null}
1501794774345	addons.xpi	DEBUG	getModTime: Recursive scan of {972ce4c6-7e08-4474-a285-3208198ce6fd}
1501794774346	DeferredSave.extensions.json	DEBUG	Save changes
1501794774347	addons.xpi	DEBUG	Updating database with changes to installed add-ons
1501794774347	addons.xpi-utils	DEBUG	Updating add-on states
1501794774347	addons.xpi-utils	DEBUG	Writing add-ons list
1501794774349	addons.xpi	DEBUG	Registering manifest for /Applications/Firefox.app/Contents/Resources/browser/features/aushelper@mozilla.org.xpi
1501794774350	addons.xpi	DEBUG	Calling bootstrap method startup on aushelper@mozilla.org version 2.0
1501794774351	addons.xpi	DEBUG	Registering manifest for /Applications/Firefox.app/Contents/Resources/browser/features/e10srollout@mozilla.org.xpi
1501794774351	addons.xpi	DEBUG	Calling bootstrap method startup on e10srollout@mozilla.org version 1.50
1501794774352	addons.xpi	DEBUG	Registering manifest for /Applications/Firefox.app/Contents/Resources/browser/features/firefox@getpocket.com.xpi
1501794774353	addons.xpi	DEBUG	Calling bootstrap method startup on firefox@getpocket.com version 1.0.5
1501794774354	addons.xpi	DEBUG	Registering manifest for /Applications/Firefox.app/Contents/Resources/browser/features/screenshots@mozilla.org.xpi
1501794774354	addons.xpi	DEBUG	Calling bootstrap method startup on screenshots@mozilla.org version 6.6.0
1501794774355	addons.xpi	DEBUG	Registering manifest for /Applications/Firefox.app/Contents/Resources/browser/features/webcompat@mozilla.org.xpi
1501794774356	addons.xpi	DEBUG	Calling bootstrap method startup on webcompat@mozilla.org version 1.1
1501794774362	addons.manager	DEBUG	Registering shutdown blocker for XPIProvider
1501794774363	addons.manager	DEBUG	Provider finished startup: XPIProvider
1501794774364	addons.manager	DEBUG	Starting provider: LightweightThemeManager
1501794774364	addons.manager	DEBUG	Registering shutdown blocker for LightweightThemeManager
1501794774364	addons.manager	DEBUG	Provider finished startup: LightweightThemeManager
1501794774365	addons.manager	DEBUG	Starting provider: GMPProvider
1501794774370	addons.manager	DEBUG	Registering shutdown blocker for GMPProvider
1501794774371	addons.manager	DEBUG	Provider finished startup: GMPProvider
1501794774371	addons.manager	DEBUG	Starting provider: PluginProvider
1501794774371	addons.manager	DEBUG	Registering shutdown blocker for PluginProvider
1501794774372	addons.manager	DEBUG	Provider finished startup: PluginProvider
1501794774372	addons.manager	DEBUG	Completed startup sequence
1501794774398	Marionette	WARN	Deprecated preference marionette.defaultPrefs.enabled detected, please use marionette.enabled
1501794774647	addons.manager	DEBUG	Starting provider: <unnamed-provider>
1501794774648	addons.manager	DEBUG	Registering shutdown blocker for <unnamed-provider>
1501794774648	addons.manager	DEBUG	Provider finished startup: <unnamed-provider>
1501794774669	addons.manager	DEBUG	Starting provider: PreviousExperimentProvider
1501794774670	addons.manager	DEBUG	Registering shutdown blocker for PreviousExperimentProvider
1501794774670	addons.manager	DEBUG	Provider finished startup: PreviousExperimentProvider
1501794774674	DeferredSave.extensions.json	DEBUG	Starting write
1501794774852	DeferredSave.extensions.json	DEBUG	Write succeeded
1501794774853	addons.xpi-utils	DEBUG	XPI Database saved, setting schema version preference to 19
1501794775865	Marionette	INFO	Listening on port 60501
1501794775997	Marionette	WARN	TLS certificate errors will be ignored for this session
1501794776204	Marionette	DEBUG	loaded listener.js
1501794776233	Marionette	DEBUG	Received DOM event "beforeunload" for "about:blank"
1501794776260	Marionette	DEBUG	Received DOM event "pagehide" for "about:blank"
1501794776260	Marionette	DEBUG	Received DOM event "unload" for "about:blank"
2017-08-03 14:12:56.286 plugin-container[2299:203783] *** CFMessagePort: bootstrap_register(): failed 1100 (0x44c) 'Permission denied', port = 0x973b, name = 'com.apple.tsm.portname'
See /usr/include/servers/bootstrap_defs.h for the error codes.
2017-08-03 14:12:56.287 plugin-container[2299:203783] *** CFMessagePort: bootstrap_register(): failed 1100 (0x44c) 'Permission denied', port = 0x9a03, name = 'com.apple.CFPasteboardClient'
See /usr/include/servers/bootstrap_defs.h for the error codes.
1501794776298	Marionette	DEBUG	Received DOM event "DOMContentLoaded" for "file:///Users/alexram/pyrepo/blank.html"
1501794776301	Marionette	DEBUG	Received DOM event "pageshow" for "file:///Users/alexram/pyrepo/blank.html"
1501794835667	addons.productaddons	INFO	sending request to: https://aus5.mozilla.org/update/3/GMP/54.0.1/20170628075643/Darwin_x86_64-gcc3/en-US/release/Darwin%2016.7.0/default/default/update.xml
1501794836249	addons.productaddons	INFO	Completed downloading document
1501794836250	addons.productaddons	ERROR	Request failed certificate checks: [Exception... "Certificate checks failed. See previous errors for details."  nsresult: "0x80070057 (NS_ERROR_ILLEGAL_VALUE)"  location: "JS frame :: resource://gre/modules/CertUtils.jsm :: validateCert :: line 113"  data: no]
1501794836250	addons.productaddons	INFO	fetching config from: chrome://global/content/gmp-sources/openh264.json
1501794836252	addons.productaddons	INFO	fetching config from: chrome://global/content/gmp-sources/widevinecdm.json
1501794836253	addons.productaddons	INFO	found plugin: gmp-gmpopenh264
1501794836254	addons.productaddons	INFO	found plugin: gmp-widevinecdm
1501794836425	addons.productaddons	INFO	downloadXHR File download. status=200
1501794836428	addons.productaddons	INFO	Downloaded file will be saved to /private/var/folders/qp/l4g65_zj1jd95npf4w2dtgj40000gn/T/TemporaryItems/tmpaddon
1501794837654	addons.productaddons	INFO	downloadXHR File download. status=200
1501794837656	addons.productaddons	INFO	Downloaded file will be saved to /private/var/folders/qp/l4g65_zj1jd95npf4w2dtgj40000gn/T/TemporaryItems/tmpaddon
1501795092154	Marionette	INFO	New connections will no longer be accepted
1501795092172	addons.xpi	DEBUG	Calling bootstrap method shutdown on webcompat@mozilla.org version 1.1
1501795092173	addons.xpi	DEBUG	Calling bootstrap method shutdown on screenshots@mozilla.org version 6.6.0
1501795092173	addons.xpi	DEBUG	Calling bootstrap method shutdown on firefox@getpocket.com version 1.0.5
1501795092174	addons.xpi	DEBUG	Calling bootstrap method shutdown on e10srollout@mozilla.org version 1.50
1501795092174	addons.xpi	DEBUG	Calling bootstrap method shutdown on aushelper@mozilla.org version 2.0
1501795097342	geckodriver	INFO	Listening on 127.0.0.1:61262
1501795098406	mozprofile::profile	INFO	Using profile path /var/folders/qp/l4g65_zj1jd95npf4w2dtgj40000gn/T/rust_mozprofile.FbpTlcxTHVCK
1501795098414	geckodriver::marionette	INFO	Starting browser /Applications/Firefox.app/Contents/MacOS/firefox-bin with args []
1501795098416	geckodriver::marionette	INFO	Connecting to Marionette on localhost:61271
1501795098658	addons.manager	DEBUG	Application has been upgraded
1501795098687	addons.manager	DEBUG	Loaded provider scope for resource://gre/modules/addons/XPIProvider.jsm: ["XPIProvider"]
1501795098690	addons.manager	DEBUG	Loaded provider scope for resource://gre/modules/LightweightThemeManager.jsm: ["LightweightThemeManager"]
1501795098695	addons.manager	DEBUG	Loaded provider scope for resource://gre/modules/addons/GMPProvider.jsm
1501795098698	addons.manager	DEBUG	Loaded provider scope for resource://gre/modules/addons/PluginProvider.jsm
1501795098699	addons.manager	DEBUG	Starting provider: XPIProvider
1501795098699	addons.xpi	DEBUG	startup
1501795098700	addons.xpi	INFO	Removing all system add-on upgrades.
1501795098700	addons.xpi	INFO	SystemAddonInstallLocation directory is missing
1501795098701	addons.xpi	INFO	Mapping aushelper@mozilla.org to /Applications/Firefox.app/Contents/Resources/browser/features/aushelper@mozilla.org.xpi
1501795098702	addons.xpi	INFO	Mapping e10srollout@mozilla.org to /Applications/Firefox.app/Contents/Resources/browser/features/e10srollout@mozilla.org.xpi
1501795098702	addons.xpi	INFO	Mapping firefox@getpocket.com to /Applications/Firefox.app/Contents/Resources/browser/features/firefox@getpocket.com.xpi
1501795098702	addons.xpi	INFO	Mapping screenshots@mozilla.org to /Applications/Firefox.app/Contents/Resources/browser/features/screenshots@mozilla.org.xpi
1501795098703	addons.xpi	INFO	Mapping webcompat@mozilla.org to /Applications/Firefox.app/Contents/Resources/browser/features/webcompat@mozilla.org.xpi
1501795098703	addons.xpi	INFO	Mapping {972ce4c6-7e08-4474-a285-3208198ce6fd} to /Applications/Firefox.app/Contents/Resources/browser/extensions/{972ce4c6-7e08-4474-a285-3208198ce6fd}.xpi
1501795098704	addons.xpi	DEBUG	checkForChanges
1501795098705	addons.xpi	INFO	SystemAddonInstallLocation directory is missing
1501795098705	addons.xpi	DEBUG	Loaded add-on state from prefs: {}
1501795098706	addons.xpi	DEBUG	New add-on aushelper@mozilla.org in app-system-defaults
1501795098707	addons.xpi	DEBUG	getModTime: Recursive scan of aushelper@mozilla.org
1501795098708	addons.xpi	DEBUG	New add-on e10srollout@mozilla.org in app-system-defaults
1501795098708	addons.xpi	DEBUG	getModTime: Recursive scan of e10srollout@mozilla.org
1501795098709	addons.xpi	DEBUG	New add-on firefox@getpocket.com in app-system-defaults
1501795098710	addons.xpi	DEBUG	getModTime: Recursive scan of firefox@getpocket.com
1501795098710	addons.xpi	DEBUG	New add-on screenshots@mozilla.org in app-system-defaults
1501795098710	addons.xpi	DEBUG	getModTime: Recursive scan of screenshots@mozilla.org
1501795098711	addons.xpi	DEBUG	New add-on webcompat@mozilla.org in app-system-defaults
1501795098711	addons.xpi	DEBUG	getModTime: Recursive scan of webcompat@mozilla.org
1501795098712	addons.xpi	DEBUG	New add-on {972ce4c6-7e08-4474-a285-3208198ce6fd} in app-global
1501795098712	addons.xpi	DEBUG	getModTime: Recursive scan of {972ce4c6-7e08-4474-a285-3208198ce6fd}
1501795098713	addons.xpi	DEBUG	getInstallState changed: true, state: {"app-system-defaults":{"aushelper@mozilla.org":{"d":"/Applications/Firefox.app/Contents/Resources/browser/features/aushelper@mozilla.org.xpi","st":1498845232000},"e10srollout@mozilla.org":{"d":"/Applications/Firefox.app/Contents/Resources/browser/features/e10srollout@mozilla.org.xpi","st":1498845232000},"firefox@getpocket.com":{"d":"/Applications/Firefox.app/Contents/Resources/browser/features/firefox@getpocket.com.xpi","st":1498845232000},"screenshots@mozilla.org":{"d":"/Applications/Firefox.app/Contents/Resources/browser/features/screenshots@mozilla.org.xpi","st":1498845231000},"webcompat@mozilla.org":{"d":"/Applications/Firefox.app/Contents/Resources/browser/features/webcompat@mozilla.org.xpi","st":1498845232000}},"app-global":{"{972ce4c6-7e08-4474-a285-3208198ce6fd}":{"d":"/Applications/Firefox.app/Contents/Resources/browser/extensions/{972ce4c6-7e08-4474-a285-3208198ce6fd}.xpi","st":1498845232000}}}
1501795098723	addons.xpi-utils	DEBUG	Opening XPI database /var/folders/qp/l4g65_zj1jd95npf4w2dtgj40000gn/T/rust_mozprofile.FbpTlcxTHVCK/extensions.json
1501795098725	addons.xpi-utils	DEBUG	New add-on aushelper@mozilla.org installed in app-system-defaults
*** Blocklist::_loadBlocklistFromFile: blocklist is disabled
1501795098736	DeferredSave.extensions.json	DEBUG	Save changes
1501795098737	addons.xpi-utils	DEBUG	New add-on e10srollout@mozilla.org installed in app-system-defaults
1501795098741	DeferredSave.extensions.json	DEBUG	Starting timer
1501795098744	DeferredSave.extensions.json	DEBUG	Save changes
1501795098744	addons.xpi-utils	DEBUG	New add-on firefox@getpocket.com installed in app-system-defaults
1501795098750	DeferredSave.extensions.json	DEBUG	Save changes
1501795098750	addons.xpi-utils	DEBUG	New add-on screenshots@mozilla.org installed in app-system-defaults
1501795098758	DeferredSave.extensions.json	DEBUG	Save changes
1501795098760	addons.xpi-utils	DEBUG	New add-on webcompat@mozilla.org installed in app-system-defaults
1501795098764	DeferredSave.extensions.json	DEBUG	Save changes
1501795098764	addons.xpi-utils	DEBUG	New add-on {972ce4c6-7e08-4474-a285-3208198ce6fd} installed in app-global
1501795098771	DeferredSave.extensions.json	DEBUG	Save changes
1501795098773	addons.manager	DEBUG	Registering startup change 'installed' for aushelper@mozilla.org
1501795098784	addons.xpi	DEBUG	Loading bootstrap scope from /Applications/Firefox.app/Contents/Resources/browser/features/aushelper@mozilla.org.xpi
1501795098790	addons.xpi	DEBUG	Calling bootstrap method install on aushelper@mozilla.org version 2.0
1501795098790	addons.xpi-utils	DEBUG	Make addon app-system-defaults:aushelper@mozilla.org visible
1501795098791	DeferredSave.extensions.json	DEBUG	Save changes
1501795098792	addons.manager	DEBUG	Registering startup change 'installed' for e10srollout@mozilla.org
1501795098793	addons.xpi	DEBUG	Loading bootstrap scope from /Applications/Firefox.app/Contents/Resources/browser/features/e10srollout@mozilla.org.xpi
1501795098796	addons.xpi	DEBUG	Calling bootstrap method install on e10srollout@mozilla.org version 1.50
1501795098797	addons.xpi-utils	DEBUG	Make addon app-system-defaults:e10srollout@mozilla.org visible
1501795098798	DeferredSave.extensions.json	DEBUG	Save changes
1501795098798	addons.manager	DEBUG	Registering startup change 'installed' for firefox@getpocket.com
1501795098799	addons.xpi	DEBUG	Loading bootstrap scope from /Applications/Firefox.app/Contents/Resources/browser/features/firefox@getpocket.com.xpi
1501795098804	addons.xpi	DEBUG	Calling bootstrap method install on firefox@getpocket.com version 1.0.5
1501795098804	addons.xpi-utils	DEBUG	Make addon app-system-defaults:firefox@getpocket.com visible
1501795098804	DeferredSave.extensions.json	DEBUG	Save changes
1501795098804	addons.manager	DEBUG	Registering startup change 'installed' for screenshots@mozilla.org
1501795098805	addons.xpi	DEBUG	Loading bootstrap scope from /Applications/Firefox.app/Contents/Resources/browser/features/screenshots@mozilla.org.xpi
1501795098808	addons.xpi	DEBUG	Calling bootstrap method install on screenshots@mozilla.org version 6.6.0
1501795098808	addons.xpi-utils	DEBUG	Make addon app-system-defaults:screenshots@mozilla.org visible
1501795098809	DeferredSave.extensions.json	DEBUG	Save changes
1501795098809	addons.manager	DEBUG	Registering startup change 'installed' for webcompat@mozilla.org
1501795098809	addons.xpi	DEBUG	Loading bootstrap scope from /Applications/Firefox.app/Contents/Resources/browser/features/webcompat@mozilla.org.xpi
1501795098812	addons.xpi	DEBUG	Calling bootstrap method install on webcompat@mozilla.org version 1.1
1501795098812	addons.xpi-utils	DEBUG	Make addon app-system-defaults:webcompat@mozilla.org visible
1501795098813	DeferredSave.extensions.json	DEBUG	Save changes
1501795098813	addons.xpi-utils	DEBUG	Make addon app-global:{972ce4c6-7e08-4474-a285-3208198ce6fd} visible
1501795098814	DeferredSave.extensions.json	DEBUG	Save changes
1501795098814	addons.xpi	DEBUG	Updating XPIState for {"id":"aushelper@mozilla.org","syncGUID":"{e5ca7a37-05bb-d648-bbf3-f7553915c406}","location":"app-system-defaults","version":"2.0","type":"extension","internalName":null,"updateURL":null,"updateKey":null,"optionsURL":null,"optionsType":null,"aboutURL":null,"icons":{},"iconURL":null,"icon64URL":null,"defaultLocale":{"name":"Application Update Service Helper","description":"Sets value(s) in the update url based on custom checks.","creator":null,"homepageURL":null},"visible":true,"active":true,"userDisabled":false,"appDisabled":false,"descriptor":"/Applications/Firefox.app/Contents/Resources/browser/features/aushelper@mozilla.org.xpi","installDate":1498845232000,"updateDate":1498845232000,"applyBackgroundUpdates":1,"bootstrap":true,"skinnable":false,"size":8488,"sourceURI":null,"releaseNotesURI":null,"softDisabled":false,"foreignInstall":false,"hasBinaryComponents":false,"strictCompatibility":false,"locales":[],"targetApplications":[{"id":"{ec8030f7-c20a-464f-9b0e-13a3a9e97384}","minVersion":"54.0.1","maxVersion":"54.*"}],"targetPlatforms":[],"multiprocessCompatible":true,"seen":true,"dependencies":[],"hasEmbeddedWebExtension":false,"mpcOptedOut":false,"userPermissions":null}
1501795098814	addons.xpi	DEBUG	getModTime: Recursive scan of aushelper@mozilla.org
1501795098815	addons.xpi	DEBUG	Updating XPIState for {"id":"e10srollout@mozilla.org","syncGUID":"{299c7a0a-b91c-b142-8e41-b1f00a808352}","location":"app-system-defaults","version":"1.50","type":"extension","internalName":null,"updateURL":null,"updateKey":null,"optionsURL":null,"optionsType":null,"aboutURL":null,"icons":{},"iconURL":null,"icon64URL":null,"defaultLocale":{"name":"Multi-process staged rollout","description":"Staged rollout of Firefox multi-process feature.","creator":null,"homepageURL":null},"visible":true,"active":true,"userDisabled":false,"appDisabled":false,"descriptor":"/Applications/Firefox.app/Contents/Resources/browser/features/e10srollout@mozilla.org.xpi","installDate":1498845232000,"updateDate":1498845232000,"applyBackgroundUpdates":1,"bootstrap":true,"skinnable":false,"size":12519,"sourceURI":null,"releaseNotesURI":null,"softDisabled":false,"foreignInstall":false,"hasBinaryComponents":false,"strictCompatibility":false,"locales":[],"targetApplications":[{"id":"{ec8030f7-c20a-464f-9b0e-13a3a9e97384}","minVersion":"54.0.1","maxVersion":"54.*"}],"targetPlatforms":[],"multiprocessCompatible":true,"seen":true,"dependencies":[],"hasEmbeddedWebExtension":false,"mpcOptedOut":false,"userPermissions":null}
1501795098815	addons.xpi	DEBUG	getModTime: Recursive scan of e10srollout@mozilla.org
1501795098816	addons.xpi	DEBUG	Updating XPIState for {"id":"firefox@getpocket.com","syncGUID":"{c66c67a4-2de6-d249-8bf9-93ed76578e11}","location":"app-system-defaults","version":"1.0.5","type":"extension","internalName":null,"updateURL":null,"updateKey":null,"optionsURL":null,"optionsType":null,"aboutURL":null,"icons":{},"iconURL":null,"icon64URL":null,"defaultLocale":{"name":"Pocket","description":"When you find something you want to view later, put it in Pocket.","creator":null,"homepageURL":null},"visible":true,"active":true,"userDisabled":false,"appDisabled":false,"descriptor":"/Applications/Firefox.app/Contents/Resources/browser/features/firefox@getpocket.com.xpi","installDate":1498845232000,"updateDate":1498845232000,"applyBackgroundUpdates":1,"bootstrap":true,"skinnable":false,"size":913906,"sourceURI":null,"releaseNotesURI":null,"softDisabled":false,"foreignInstall":false,"hasBinaryComponents":false,"strictCompatibility":false,"locales":[],"targetApplications":[{"id":"{ec8030f7-c20a-464f-9b0e-13a3a9e97384}","minVersion":"54.0.1","maxVersion":"54.*"}],"targetPlatforms":[],"multiprocessCompatible":true,"seen":true,"dependencies":[],"hasEmbeddedWebExtension":false,"mpcOptedOut":false,"userPermissions":null}
1501795098816	addons.xpi	DEBUG	getModTime: Recursive scan of firefox@getpocket.com
1501795098816	addons.xpi	DEBUG	Updating XPIState for {"id":"screenshots@mozilla.org","syncGUID":"{a80126cb-110a-7d41-977d-2b526e6345ab}","location":"app-system-defaults","version":"6.6.0","type":"extension","internalName":null,"updateURL":null,"updateKey":null,"optionsURL":null,"optionsType":null,"aboutURL":null,"icons":{},"iconURL":null,"icon64URL":null,"defaultLocale":{"name":"Firefox Screenshots","description":null,"creator":null,"homepageURL":"https://pageshot.net/"},"visible":true,"active":true,"userDisabled":false,"appDisabled":false,"descriptor":"/Applications/Firefox.app/Contents/Resources/browser/features/screenshots@mozilla.org.xpi","installDate":1498845231000,"updateDate":1498845231000,"applyBackgroundUpdates":1,"bootstrap":true,"skinnable":false,"size":716271,"sourceURI":null,"releaseNotesURI":null,"softDisabled":false,"foreignInstall":false,"hasBinaryComponents":false,"strictCompatibility":false,"locales":[],"targetApplications":[{"id":"{ec8030f7-c20a-464f-9b0e-13a3a9e97384}","minVersion":"51.0a1","maxVersion":"*"}],"targetPlatforms":[],"multiprocessCompatible":true,"seen":true,"dependencies":[],"hasEmbeddedWebExtension":false,"mpcOptedOut":false,"userPermissions":null}
1501795098816	addons.xpi	DEBUG	getModTime: Recursive scan of screenshots@mozilla.org
1501795098817	addons.xpi	DEBUG	Updating XPIState for {"id":"webcompat@mozilla.org","syncGUID":"{b1acffcb-1267-4f4e-80fa-ea75277053a8}","location":"app-system-defaults","version":"1.1","type":"extension","internalName":null,"updateURL":null,"updateKey":null,"optionsURL":null,"optionsType":null,"aboutURL":null,"icons":{},"iconURL":null,"icon64URL":null,"defaultLocale":{"name":"Web Compat","description":"Urgent post-release fixes for web compatibility.","creator":null,"homepageURL":null},"visible":true,"active":true,"userDisabled":false,"appDisabled":false,"descriptor":"/Applications/Firefox.app/Contents/Resources/browser/features/webcompat@mozilla.org.xpi","installDate":1498845232000,"updateDate":1498845232000,"applyBackgroundUpdates":1,"bootstrap":true,"skinnable":false,"size":9006,"sourceURI":null,"releaseNotesURI":null,"softDisabled":false,"foreignInstall":false,"hasBinaryComponents":false,"strictCompatibility":false,"locales":[],"targetApplications":[{"id":"{ec8030f7-c20a-464f-9b0e-13a3a9e97384}","minVersion":"54.0.1","maxVersion":"54.*"}],"targetPlatforms":[],"multiprocessCompatible":true,"seen":true,"dependencies":[],"hasEmbeddedWebExtension":false,"mpcOptedOut":false,"userPermissions":null}
1501795098817	addons.xpi	DEBUG	getModTime: Recursive scan of webcompat@mozilla.org
1501795098818	addons.xpi	DEBUG	Updating XPIState for {"id":"{972ce4c6-7e08-4474-a285-3208198ce6fd}","syncGUID":"{bfcd7f4a-631b-374d-8825-c8ea1945c25a}","location":"app-global","version":"54.0.1","type":"theme","internalName":"classic/1.0","updateURL":null,"updateKey":null,"optionsURL":null,"optionsType":null,"aboutURL":null,"icons":{},"iconURL":"chrome://browser/content/default-theme-icon.svg","icon64URL":null,"defaultLocale":{"name":"Default","description":"The default theme.","creator":"Mozilla","homepageURL":null,"contributors":["Mozilla Contributors"]},"visible":true,"active":true,"userDisabled":false,"appDisabled":false,"descriptor":"/Applications/Firefox.app/Contents/Resources/browser/extensions/{972ce4c6-7e08-4474-a285-3208198ce6fd}.xpi","installDate":1498845232000,"updateDate":1498845232000,"applyBackgroundUpdates":1,"skinnable":true,"size":3914,"sourceURI":null,"releaseNotesURI":null,"softDisabled":false,"foreignInstall":false,"hasBinaryComponents":false,"strictCompatibility":true,"locales":[],"targetApplications":[{"id":"{ec8030f7-c20a-464f-9b0e-13a3a9e97384}","minVersion":"54.0.1","maxVersion":"54.0.1"}],"targetPlatforms":[],"seen":true,"dependencies":[],"hasEmbeddedWebExtension":false,"userPermissions":null}
1501795098818	addons.xpi	DEBUG	getModTime: Recursive scan of {972ce4c6-7e08-4474-a285-3208198ce6fd}
1501795098819	DeferredSave.extensions.json	DEBUG	Save changes
1501795098819	addons.xpi	DEBUG	Updating database with changes to installed add-ons
1501795098819	addons.xpi-utils	DEBUG	Updating add-on states
1501795098820	addons.xpi-utils	DEBUG	Writing add-ons list
1501795098823	addons.xpi	DEBUG	Registering manifest for /Applications/Firefox.app/Contents/Resources/browser/features/aushelper@mozilla.org.xpi
1501795098823	addons.xpi	DEBUG	Calling bootstrap method startup on aushelper@mozilla.org version 2.0
1501795098824	addons.xpi	DEBUG	Registering manifest for /Applications/Firefox.app/Contents/Resources/browser/features/e10srollout@mozilla.org.xpi
1501795098825	addons.xpi	DEBUG	Calling bootstrap method startup on e10srollout@mozilla.org version 1.50
1501795098825	addons.xpi	DEBUG	Registering manifest for /Applications/Firefox.app/Contents/Resources/browser/features/firefox@getpocket.com.xpi
1501795098826	addons.xpi	DEBUG	Calling bootstrap method startup on firefox@getpocket.com version 1.0.5
1501795098827	addons.xpi	DEBUG	Registering manifest for /Applications/Firefox.app/Contents/Resources/browser/features/screenshots@mozilla.org.xpi
1501795098828	addons.xpi	DEBUG	Calling bootstrap method startup on screenshots@mozilla.org version 6.6.0
1501795098828	addons.xpi	DEBUG	Registering manifest for /Applications/Firefox.app/Contents/Resources/browser/features/webcompat@mozilla.org.xpi
1501795098829	addons.xpi	DEBUG	Calling bootstrap method startup on webcompat@mozilla.org version 1.1
1501795098835	addons.manager	DEBUG	Registering shutdown blocker for XPIProvider
1501795098837	addons.manager	DEBUG	Provider finished startup: XPIProvider
1501795098838	addons.manager	DEBUG	Starting provider: LightweightThemeManager
1501795098838	addons.manager	DEBUG	Registering shutdown blocker for LightweightThemeManager
1501795098838	addons.manager	DEBUG	Provider finished startup: LightweightThemeManager
1501795098839	addons.manager	DEBUG	Starting provider: GMPProvider
1501795098844	addons.manager	DEBUG	Registering shutdown blocker for GMPProvider
1501795098844	addons.manager	DEBUG	Provider finished startup: GMPProvider
1501795098844	addons.manager	DEBUG	Starting provider: PluginProvider
1501795098845	addons.manager	DEBUG	Registering shutdown blocker for PluginProvider
1501795098845	addons.manager	DEBUG	Provider finished startup: PluginProvider
1501795098845	addons.manager	DEBUG	Completed startup sequence
1501795098867	Marionette	WARN	Deprecated preference marionette.defaultPrefs.enabled detected, please use marionette.enabled
1501795099108	addons.manager	DEBUG	Starting provider: <unnamed-provider>
1501795099108	addons.manager	DEBUG	Registering shutdown blocker for <unnamed-provider>
1501795099109	addons.manager	DEBUG	Provider finished startup: <unnamed-provider>
1501795099128	addons.manager	DEBUG	Starting provider: PreviousExperimentProvider
1501795099128	addons.manager	DEBUG	Registering shutdown blocker for PreviousExperimentProvider
1501795099128	addons.manager	DEBUG	Provider finished startup: PreviousExperimentProvider
1501795099132	DeferredSave.extensions.json	DEBUG	Starting write
1501795099293	DeferredSave.extensions.json	DEBUG	Write succeeded
1501795099295	addons.xpi-utils	DEBUG	XPI Database saved, setting schema version preference to 19
1501795100316	Marionette	INFO	Listening on port 61271
1501795100413	Marionette	WARN	TLS certificate errors will be ignored for this session
1501795100602	Marionette	DEBUG	loaded listener.js
1501795100630	Marionette	DEBUG	Received DOM event "beforeunload" for "about:blank"
1501795100658	Marionette	DEBUG	Received DOM event "pagehide" for "about:blank"
1501795100658	Marionette	DEBUG	Received DOM event "unload" for "about:blank"
2017-08-03 14:18:20.678 plugin-container[2316:205790] *** CFMessagePort: bootstrap_register(): failed 1100 (0x44c) 'Permission denied', port = 0x963b, name = 'com.apple.tsm.portname'
See /usr/include/servers/bootstrap_defs.h for the error codes.
2017-08-03 14:18:20.679 plugin-container[2316:205790] *** CFMessagePort: bootstrap_register(): failed 1100 (0x44c) 'Permission denied', port = 0x9903, name = 'com.apple.CFPasteboardClient'
See /usr/include/servers/bootstrap_defs.h for the error codes.
1501795100693	Marionette	DEBUG	Received DOM event "DOMContentLoaded" for "file:///Users/alexram/pyrepo/blank.html"
1501795100696	Marionette	DEBUG	Received DOM event "pageshow" for "file:///Users/alexram/pyrepo/blank.html"
1501795123583	Marionette	INFO	New connections will no longer be accepted
1501795123605	addons.xpi	DEBUG	Calling bootstrap method shutdown on webcompat@mozilla.org version 1.1
1501795123605	addons.xpi	DEBUG	Calling bootstrap method shutdown on screenshots@mozilla.org version 6.6.0
1501795123606	addons.xpi	DEBUG	Calling bootstrap method shutdown on firefox@getpocket.com version 1.0.5
1501795123606	addons.xpi	DEBUG	Calling bootstrap method shutdown on e10srollout@mozilla.org version 1.50
1501795123607	addons.xpi	DEBUG	Calling bootstrap method shutdown on aushelper@mozilla.org version 2.0
